<?xml version="1.0" encoding="UTF-8"?>
<coverage generated="1613588741511" clover="3.2.0">
  <project timestamp="1613588741512" name="All files">
    <metrics statements="37" coveredstatements="37" conditionals="2" coveredconditionals="2" methods="11" coveredmethods="11" elements="50" coveredelements="50" complexity="0" loc="37" ncloc="37" packages="2" files="8" classes="8"/>
    <package name="components">
      <metrics statements="28" coveredstatements="28" conditionals="2" coveredconditionals="2" methods="7" coveredmethods="7"/>
      <file name="header.js" path="/home/nicolasfj/Insync/nferjim1211.alumnado@politecnicomalaga.com/Google Drive/LIBRE CONFIGURACIÓN/PracticaGrupal/Travis-HLC/gatsby-starter-testing/src/components/header.js">
        <metrics statements="4" coveredstatements="4" conditionals="0" coveredconditionals="0" methods="1" coveredmethods="1"/>
        <line num="5" count="6" type="stmt"/>
        <line num="6" count="17" type="stmt"/>
        <line num="39" count="6" type="stmt"/>
        <line num="43" count="6" type="stmt"/>
      </file>
      <file name="image.js" path="/home/nicolasfj/Insync/nferjim1211.alumnado@politecnicomalaga.com/Google Drive/LIBRE CONFIGURACIÓN/PracticaGrupal/Travis-HLC/gatsby-starter-testing/src/components/image.js">
        <metrics statements="6" coveredstatements="6" conditionals="0" coveredconditionals="0" methods="2" coveredmethods="2"/>
        <line num="17" count="2" type="stmt"/>
        <line num="18" count="7" type="stmt"/>
        <line num="21" count="2" type="stmt"/>
        <line num="25" count="2" type="stmt"/>
        <line num="26" count="5" type="stmt"/>
        <line num="38" count="5" type="stmt"/>
      </file>
      <file name="layout.js" path="/home/nicolasfj/Insync/nferjim1211.alumnado@politecnicomalaga.com/Google Drive/LIBRE CONFIGURACIÓN/PracticaGrupal/Travis-HLC/gatsby-starter-testing/src/components/layout.js">
        <metrics statements="7" coveredstatements="7" conditionals="0" coveredconditionals="0" methods="2" coveredmethods="2"/>
        <line num="15" count="5" type="stmt"/>
        <line num="16" count="14" type="stmt"/>
        <line num="37" count="5" type="stmt"/>
        <line num="42" count="5" type="stmt"/>
        <line num="43" count="11" type="stmt"/>
        <line num="53" count="11" type="stmt"/>
        <line num="56" count="5" type="stmt"/>
      </file>
      <file name="seo.js" path="/home/nicolasfj/Insync/nferjim1211.alumnado@politecnicomalaga.com/Google Drive/LIBRE CONFIGURACIÓN/PracticaGrupal/Travis-HLC/gatsby-starter-testing/src/components/seo.js">
        <metrics statements="11" coveredstatements="11" conditionals="2" coveredconditionals="2" methods="2" coveredmethods="2"/>
        <line num="13" count="5" type="stmt"/>
        <line num="14" count="16" type="stmt"/>
        <line num="16" count="16" type="cond" truecount="2" falsecount="0"/>
        <line num="18" count="16" type="stmt"/>
        <line num="63" count="5" type="stmt"/>
        <line num="69" count="5" type="stmt"/>
        <line num="77" count="5" type="stmt"/>
        <line num="78" count="12" type="stmt"/>
        <line num="90" count="12" type="stmt"/>
        <line num="93" count="5" type="stmt"/>
        <line num="99" count="5" type="stmt"/>
      </file>
    </package>
    <package name="pages">
      <metrics statements="9" coveredstatements="9" conditionals="0" coveredconditionals="0" methods="4" coveredmethods="4"/>
      <file name="404.js" path="/home/nicolasfj/Insync/nferjim1211.alumnado@politecnicomalaga.com/Google Drive/LIBRE CONFIGURACIÓN/PracticaGrupal/Travis-HLC/gatsby-starter-testing/src/pages/404.js">
        <metrics statements="2" coveredstatements="2" conditionals="0" coveredconditionals="0" methods="1" coveredmethods="1"/>
        <line num="6" count="1" type="stmt"/>
        <line num="7" count="1" type="stmt"/>
      </file>
      <file name="index.js" path="/home/nicolasfj/Insync/nferjim1211.alumnado@politecnicomalaga.com/Google Drive/LIBRE CONFIGURACIÓN/PracticaGrupal/Travis-HLC/gatsby-starter-testing/src/pages/index.js">
        <metrics statements="2" coveredstatements="2" conditionals="0" coveredconditionals="0" methods="1" coveredmethods="1"/>
        <line num="8" count="1" type="stmt"/>
        <line num="9" count="3" type="stmt"/>
      </file>
      <file name="page-2.js" path="/home/nicolasfj/Insync/nferjim1211.alumnado@politecnicomalaga.com/Google Drive/LIBRE CONFIGURACIÓN/PracticaGrupal/Travis-HLC/gatsby-starter-testing/src/pages/page-2.js">
        <metrics statements="2" coveredstatements="2" conditionals="0" coveredconditionals="0" methods="1" coveredmethods="1"/>
        <line num="7" count="1" type="stmt"/>
        <line num="8" count="2" type="stmt"/>
      </file>
      <file name="using-typescript.tsx" path="/home/nicolasfj/Insync/nferjim1211.alumnado@politecnicomalaga.com/Google Drive/LIBRE CONFIGURACIÓN/PracticaGrupal/Travis-HLC/gatsby-starter-testing/src/pages/using-typescript.tsx">
        <metrics statements="3" coveredstatements="3" conditionals="0" coveredconditionals="0" methods="1" coveredmethods="1"/>
        <line num="14" count="1" type="stmt"/>
        <line num="15" count="2" type="stmt"/>
        <line num="28" count="1" type="stmt"/>
      </file>
    </package>
  </project>
</coverage>
