{"/home/nicolasfj/Insync/nferjim1211.alumnado@politecnicomalaga.com/Google Drive/LIBRE CONFIGURACIÓN/PracticaGrupal/Travis-HLC/gatsby-starter-testing/src/components/header.js": {"path":"/home/nicolasfj/Insync/nferjim1211.alumnado@politecnicomalaga.com/Google Drive/LIBRE CONFIGURACIÓN/PracticaGrupal/Travis-HLC/gatsby-starter-testing/src/components/header.js","statementMap":{"0":{"start":{"line":5,"column":15},"end":{"line":37,"column":1}},"1":{"start":{"line":6,"column":2},"end":{"line":36,"column":11}},"2":{"start":{"line":39,"column":0},"end":{"line":41,"column":1}},"3":{"start":{"line":43,"column":0},"end":{"line":45,"column":1}}},"fnMap":{"0":{"name":"(anonymous_0)","decl":{"start":{"line":5,"column":15},"end":{"line":5,"column":16}},"loc":{"start":{"line":6,"column":2},"end":{"line":36,"column":11}},"line":6}},"branchMap":{},"s":{"0":6,"1":17,"2":6,"3":6},"f":{"0":17},"b":{},"_coverageSchema":"1a1c01bbd47fc00a2c39e90264f33305004495a9","hash":"f2f62bc2077fa6b6c9e321f7ea0fb8332c580814"}
,"/home/nicolasfj/Insync/nferjim1211.alumnado@politecnicomalaga.com/Google Drive/LIBRE CONFIGURACIÓN/PracticaGrupal/Travis-HLC/gatsby-starter-testing/src/components/image.js": {"path":"/home/nicolasfj/Insync/nferjim1211.alumnado@politecnicomalaga.com/Google Drive/LIBRE CONFIGURACIÓN/PracticaGrupal/Travis-HLC/gatsby-starter-testing/src/components/image.js","statementMap":{"0":{"start":{"line":17,"column":25},"end":{"line":19,"column":1}},"1":{"start":{"line":18,"column":2},"end":{"line":18,"column":68}},"2":{"start":{"line":21,"column":0},"end":{"line":23,"column":1}},"3":{"start":{"line":25,"column":14},"end":{"line":39,"column":1}},"4":{"start":{"line":26,"column":15},"end":{"line":36,"column":4}},"5":{"start":{"line":38,"column":2},"end":{"line":38,"column":45}}},"fnMap":{"0":{"name":"(anonymous_0)","decl":{"start":{"line":17,"column":25},"end":{"line":17,"column":26}},"loc":{"start":{"line":17,"column":39},"end":{"line":19,"column":1}},"line":17},"1":{"name":"(anonymous_1)","decl":{"start":{"line":25,"column":14},"end":{"line":25,"column":15}},"loc":{"start":{"line":25,"column":23},"end":{"line":39,"column":1}},"line":25}},"branchMap":{},"s":{"0":2,"1":7,"2":2,"3":2,"4":5,"5":5},"f":{"0":7,"1":5},"b":{},"_coverageSchema":"1a1c01bbd47fc00a2c39e90264f33305004495a9","hash":"0aea9afbe1ff165608642298de46ed274ee3ca3d"}
,"/home/nicolasfj/Insync/nferjim1211.alumnado@politecnicomalaga.com/Google Drive/LIBRE CONFIGURACIÓN/PracticaGrupal/Travis-HLC/gatsby-starter-testing/src/components/layout.js": {"path":"/home/nicolasfj/Insync/nferjim1211.alumnado@politecnicomalaga.com/Google Drive/LIBRE CONFIGURACIÓN/PracticaGrupal/Travis-HLC/gatsby-starter-testing/src/components/layout.js","statementMap":{"0":{"start":{"line":15,"column":26},"end":{"line":35,"column":1}},"1":{"start":{"line":16,"column":2},"end":{"line":34,"column":3}},"2":{"start":{"line":37,"column":0},"end":{"line":40,"column":1}},"3":{"start":{"line":42,"column":15},"end":{"line":54,"column":1}},"4":{"start":{"line":43,"column":15},"end":{"line":51,"column":4}},"5":{"start":{"line":53,"column":2},"end":{"line":53,"column":46}},"6":{"start":{"line":56,"column":0},"end":{"line":58,"column":1}}},"fnMap":{"0":{"name":"(anonymous_0)","decl":{"start":{"line":15,"column":26},"end":{"line":15,"column":27}},"loc":{"start":{"line":15,"column":50},"end":{"line":35,"column":1}},"line":15},"1":{"name":"(anonymous_1)","decl":{"start":{"line":42,"column":15},"end":{"line":42,"column":16}},"loc":{"start":{"line":42,"column":24},"end":{"line":54,"column":1}},"line":42}},"branchMap":{},"s":{"0":5,"1":14,"2":5,"3":5,"4":11,"5":11,"6":5},"f":{"0":14,"1":11},"b":{},"_coverageSchema":"1a1c01bbd47fc00a2c39e90264f33305004495a9","hash":"6ae6f147fecf326167c01570ca6ebea146901433"}
,"/home/nicolasfj/Insync/nferjim1211.alumnado@politecnicomalaga.com/Google Drive/LIBRE CONFIGURACIÓN/PracticaGrupal/Travis-HLC/gatsby-starter-testing/src/components/seo.js": {"path":"/home/nicolasfj/Insync/nferjim1211.alumnado@politecnicomalaga.com/Google Drive/LIBRE CONFIGURACIÓN/PracticaGrupal/Travis-HLC/gatsby-starter-testing/src/components/seo.js","statementMap":{"0":{"start":{"line":13,"column":23},"end":{"line":61,"column":1}},"1":{"start":{"line":14,"column":19},"end":{"line":14,"column":23}},"2":{"start":{"line":16,"column":26},"end":{"line":16,"column":70}},"3":{"start":{"line":18,"column":2},"end":{"line":60,"column":3}},"4":{"start":{"line":63,"column":0},"end":{"line":67,"column":1}},"5":{"start":{"line":69,"column":0},"end":{"line":75,"column":1}},"6":{"start":{"line":77,"column":12},"end":{"line":91,"column":1}},"7":{"start":{"line":78,"column":15},"end":{"line":88,"column":4}},"8":{"start":{"line":90,"column":2},"end":{"line":90,"column":43}},"9":{"start":{"line":93,"column":0},"end":{"line":97,"column":1}},"10":{"start":{"line":99,"column":0},"end":{"line":104,"column":1}}},"fnMap":{"0":{"name":"(anonymous_0)","decl":{"start":{"line":13,"column":23},"end":{"line":13,"column":24}},"loc":{"start":{"line":13,"column":69},"end":{"line":61,"column":1}},"line":13},"1":{"name":"(anonymous_1)","decl":{"start":{"line":77,"column":12},"end":{"line":77,"column":13}},"loc":{"start":{"line":77,"column":21},"end":{"line":91,"column":1}},"line":77}},"branchMap":{"0":{"loc":{"start":{"line":16,"column":26},"end":{"line":16,"column":70}},"type":"binary-expr","locations":[{"start":{"line":16,"column":26},"end":{"line":16,"column":37}},{"start":{"line":16,"column":41},"end":{"line":16,"column":70}}],"line":16}},"s":{"0":5,"1":16,"2":16,"3":16,"4":5,"5":5,"6":5,"7":12,"8":12,"9":5,"10":5},"f":{"0":16,"1":12},"b":{"0":[16,14]},"_coverageSchema":"1a1c01bbd47fc00a2c39e90264f33305004495a9","hash":"6bd09f43a31285de09c2b971a9fb5dfca6b2c937"}
,"/home/nicolasfj/Insync/nferjim1211.alumnado@politecnicomalaga.com/Google Drive/LIBRE CONFIGURACIÓN/PracticaGrupal/Travis-HLC/gatsby-starter-testing/src/pages/404.js": {"path":"/home/nicolasfj/Insync/nferjim1211.alumnado@politecnicomalaga.com/Google Drive/LIBRE CONFIGURACIÓN/PracticaGrupal/Travis-HLC/gatsby-starter-testing/src/pages/404.js","statementMap":{"0":{"start":{"line":6,"column":21},"end":{"line":12,"column":1}},"1":{"start":{"line":7,"column":2},"end":{"line":11,"column":11}}},"fnMap":{"0":{"name":"(anonymous_0)","decl":{"start":{"line":6,"column":21},"end":{"line":6,"column":22}},"loc":{"start":{"line":7,"column":2},"end":{"line":11,"column":11}},"line":7}},"branchMap":{},"s":{"0":1,"1":1},"f":{"0":1},"b":{},"_coverageSchema":"1a1c01bbd47fc00a2c39e90264f33305004495a9","hash":"5c2a5b5766c6b7cf9dfd396478f569552a335f08"}
,"/home/nicolasfj/Insync/nferjim1211.alumnado@politecnicomalaga.com/Google Drive/LIBRE CONFIGURACIÓN/PracticaGrupal/Travis-HLC/gatsby-starter-testing/src/pages/index.js": {"path":"/home/nicolasfj/Insync/nferjim1211.alumnado@politecnicomalaga.com/Google Drive/LIBRE CONFIGURACIÓN/PracticaGrupal/Travis-HLC/gatsby-starter-testing/src/pages/index.js","statementMap":{"0":{"start":{"line":8,"column":18},"end":{"line":23,"column":1}},"1":{"start":{"line":9,"column":2},"end":{"line":22,"column":11}}},"fnMap":{"0":{"name":"(anonymous_0)","decl":{"start":{"line":8,"column":18},"end":{"line":8,"column":19}},"loc":{"start":{"line":9,"column":2},"end":{"line":22,"column":11}},"line":9}},"branchMap":{},"s":{"0":1,"1":3},"f":{"0":3},"b":{},"_coverageSchema":"1a1c01bbd47fc00a2c39e90264f33305004495a9","hash":"eebb5256a23b626f9b56fcb45c4846080e8869a9"}
,"/home/nicolasfj/Insync/nferjim1211.alumnado@politecnicomalaga.com/Google Drive/LIBRE CONFIGURACIÓN/PracticaGrupal/Travis-HLC/gatsby-starter-testing/src/pages/page-2.js": {"path":"/home/nicolasfj/Insync/nferjim1211.alumnado@politecnicomalaga.com/Google Drive/LIBRE CONFIGURACIÓN/PracticaGrupal/Travis-HLC/gatsby-starter-testing/src/pages/page-2.js","statementMap":{"0":{"start":{"line":7,"column":19},"end":{"line":14,"column":1}},"1":{"start":{"line":8,"column":2},"end":{"line":13,"column":11}}},"fnMap":{"0":{"name":"(anonymous_0)","decl":{"start":{"line":7,"column":19},"end":{"line":7,"column":20}},"loc":{"start":{"line":8,"column":2},"end":{"line":13,"column":11}},"line":8}},"branchMap":{},"s":{"0":1,"1":2},"f":{"0":2},"b":{},"_coverageSchema":"1a1c01bbd47fc00a2c39e90264f33305004495a9","hash":"0c1d6d4ba653c717da2cec3190e19cd5e6613f45"}
,"/home/nicolasfj/Insync/nferjim1211.alumnado@politecnicomalaga.com/Google Drive/LIBRE CONFIGURACIÓN/PracticaGrupal/Travis-HLC/gatsby-starter-testing/src/pages/using-typescript.tsx": {"path":"/home/nicolasfj/Insync/nferjim1211.alumnado@politecnicomalaga.com/Google Drive/LIBRE CONFIGURACIÓN/PracticaGrupal/Travis-HLC/gatsby-starter-testing/src/pages/using-typescript.tsx","statementMap":{"0":{"start":{"line":14,"column":56},"end":{"line":24,"column":1}},"1":{"start":{"line":15,"column":2},"end":{"line":23,"column":11}},"2":{"start":{"line":28,"column":21},"end":{"line":34,"column":1}}},"fnMap":{"0":{"name":"(anonymous_0)","decl":{"start":{"line":14,"column":56},"end":{"line":14,"column":57}},"loc":{"start":{"line":15,"column":2},"end":{"line":23,"column":11}},"line":15}},"branchMap":{},"s":{"0":1,"1":2,"2":1},"f":{"0":2},"b":{},"_coverageSchema":"1a1c01bbd47fc00a2c39e90264f33305004495a9","hash":"61d0fd6b356d520c05c0c38984298e3b67579a5d"}
}
