TN:
SF:src/components/header.js
FN:5,(anonymous_0)
FNF:1
FNH:1
FNDA:17,(anonymous_0)
DA:5,6
DA:6,17
DA:39,6
DA:43,6
LF:4
LH:4
BRF:0
BRH:0
end_of_record
TN:
SF:src/components/image.js
FN:17,(anonymous_0)
FN:25,(anonymous_1)
FNF:2
FNH:2
FNDA:7,(anonymous_0)
FNDA:5,(anonymous_1)
DA:17,2
DA:18,7
DA:21,2
DA:25,2
DA:26,5
DA:38,5
LF:6
LH:6
BRF:0
BRH:0
end_of_record
TN:
SF:src/components/layout.js
FN:15,(anonymous_0)
FN:42,(anonymous_1)
FNF:2
FNH:2
FNDA:14,(anonymous_0)
FNDA:11,(anonymous_1)
DA:15,5
DA:16,14
DA:37,5
DA:42,5
DA:43,11
DA:53,11
DA:56,5
LF:7
LH:7
BRF:0
BRH:0
end_of_record
TN:
SF:src/components/seo.js
FN:13,(anonymous_0)
FN:77,(anonymous_1)
FNF:2
FNH:2
FNDA:16,(anonymous_0)
FNDA:12,(anonymous_1)
DA:13,5
DA:14,16
DA:16,16
DA:18,16
DA:63,5
DA:69,5
DA:77,5
DA:78,12
DA:90,12
DA:93,5
DA:99,5
LF:11
LH:11
BRDA:16,0,0,16
BRDA:16,0,1,14
BRF:2
BRH:2
end_of_record
TN:
SF:src/pages/404.js
FN:6,(anonymous_0)
FNF:1
FNH:1
FNDA:1,(anonymous_0)
DA:6,1
DA:7,1
LF:2
LH:2
BRF:0
BRH:0
end_of_record
TN:
SF:src/pages/index.js
FN:8,(anonymous_0)
FNF:1
FNH:1
FNDA:3,(anonymous_0)
DA:8,1
DA:9,3
LF:2
LH:2
BRF:0
BRH:0
end_of_record
TN:
SF:src/pages/page-2.js
FN:7,(anonymous_0)
FNF:1
FNH:1
FNDA:2,(anonymous_0)
DA:7,1
DA:8,2
LF:2
LH:2
BRF:0
BRH:0
end_of_record
TN:
SF:src/pages/using-typescript.tsx
FN:14,(anonymous_0)
FNF:1
FNH:1
FNDA:2,(anonymous_0)
DA:14,1
DA:15,2
DA:28,1
LF:3
LH:3
BRF:0
BRH:0
end_of_record
